<?xml version="1.0" encoding="UTF-8"?>
<!-- Generated by org.testng.reporters.JUnitReportReporter -->
<testsuite skipped="0" hostname="DESKTOP-8VI2AQQ" name="com.qa.tests.TestProgram" tests="1" failures="0" timestamp="23 Jul 2023 21:12:05 GMT" time="0.007" errors="0">
  <testcase name="testProgram" time="0.007" classname="com.qa.tests.TestProgram"/>
</testsuite> <!-- com.qa.tests.TestProgram -->
